2020-10-20 16:45:52,139 p=2979 u=ansible n=ansible | ERROR! No argument passed to command module
2020-10-20 16:46:14,417 p=2988 u=ansible n=ansible | ERROR! No argument passed to command module
2020-10-20 16:46:23,869 p=2991 u=ansible n=ansible |   hosts (1):
2020-10-20 16:46:23,869 p=2991 u=ansible n=ansible |     ansible-managed.local
2020-10-20 20:09:44,276 p=4743 u=ansible n=ansible | ansible-managed.local | FAILED | rc=127 >>
/bin/sh: dg: command not foundnon-zero return code

2020-10-20 20:09:47,680 p=4768 u=ansible n=ansible | ansible-managed.local | CHANGED | rc=0 >>
Filesystem                               Size  Used Avail Use% Mounted on
devtmpfs                                 1.9G     0  1.9G   0% /dev
tmpfs                                    1.9G     0  1.9G   0% /dev/shm
tmpfs                                    1.9G  8.9M  1.9G   1% /run
tmpfs                                    1.9G     0  1.9G   0% /sys/fs/cgroup
/dev/mapper/cl-root                       29G  4.6G   24G  16% /
/dev/mapper/test--group-logical--volume  8.0G   90M  7.9G   2% /mnt/mounti
/dev/sda1                                976M  192M  717M  22% /boot
tmpfs                                    378M  4.0K  378M   1% /run/user/1001

2020-10-20 20:10:06,203 p=4795 u=ansible n=ansible | ansible-managed.local | CHANGED | rc=0 >>
total 0
drwxr-xr-x.  4 root root  35 Oct 18 11:49 .
dr-xr-xr-x. 18 root root 237 Oct 18 11:49 ..
drwxr-xr-x.  2 root root   6 Oct 17 11:36 ansible
drwxr-xr-x.  2 root root   6 Oct 18 11:46 mounti

2020-10-20 20:10:18,550 p=4815 u=ansible n=ansible | [WARNING]: Consider using the file module with state=absent rather than running 'rm'.  If you
need to use command because file is insufficient you can add 'warn: false' to this command task
or set 'command_warnings=False' in ansible.cfg to get rid of this message.

2020-10-20 20:10:18,551 p=4815 u=ansible n=ansible | ansible-managed.local | FAILED | rc=1 >>
rm: cannot remove '/mnt/mounti': Device or resource busynon-zero return code

2020-10-20 20:11:41,942 p=4844 u=ansible n=ansible | ansible-managed.local | CHANGED | rc=0 >>
Filesystem                               Size  Used Avail Use% Mounted on
devtmpfs                                 1.9G     0  1.9G   0% /dev
tmpfs                                    1.9G     0  1.9G   0% /dev/shm
tmpfs                                    1.9G  8.9M  1.9G   1% /run
tmpfs                                    1.9G     0  1.9G   0% /sys/fs/cgroup
/dev/mapper/cl-root                       29G  4.6G   24G  16% /
/dev/mapper/test--group-logical--volume  8.0G   90M  7.9G   2% /mnt/mounti
/dev/sda1                                976M  192M  717M  22% /boot
tmpfs                                    378M  4.0K  378M   1% /run/user/1001

2020-10-20 20:12:34,311 p=4885 u=ansible n=ansible | PLAY [this playbook removes any exisitng lv/partition] ******************************************
2020-10-20 20:12:34,319 p=4885 u=ansible n=ansible | TASK [Gathering Facts] **************************************************************************
2020-10-20 20:12:35,581 p=4885 u=ansible n=ansible | ok: [ansible-managed.local]
2020-10-20 20:12:35,591 p=4885 u=ansible n=ansible | TASK [unmount /mnt/mounti] **********************************************************************
2020-10-20 20:12:36,108 p=4885 u=ansible n=ansible | changed: [ansible-managed.local]
2020-10-20 20:12:36,109 p=4885 u=ansible n=ansible | PLAY RECAP **************************************************************************************
2020-10-20 20:12:36,109 p=4885 u=ansible n=ansible | ansible-managed.local      : ok=2    changed=1    unreachable=0    failed=0    skipped=0    rescued=0    ignored=0   
2020-10-20 20:12:40,914 p=4913 u=ansible n=ansible | ansible-managed.local | CHANGED | rc=0 >>
Filesystem           Size  Used Avail Use% Mounted on
devtmpfs             1.9G     0  1.9G   0% /dev
tmpfs                1.9G     0  1.9G   0% /dev/shm
tmpfs                1.9G  8.9M  1.9G   1% /run
tmpfs                1.9G     0  1.9G   0% /sys/fs/cgroup
/dev/mapper/cl-root   29G  4.6G   24G  16% /
/dev/sda1            976M  192M  717M  22% /boot
tmpfs                378M  4.0K  378M   1% /run/user/1001

2020-10-20 20:12:43,473 p=4932 u=ansible n=ansible | PLAY [this playbook removes any exisitng lv/partition] ******************************************
2020-10-20 20:12:43,480 p=4932 u=ansible n=ansible | TASK [Gathering Facts] **************************************************************************
2020-10-20 20:12:44,613 p=4932 u=ansible n=ansible | ok: [ansible-managed.local]
2020-10-20 20:12:44,623 p=4932 u=ansible n=ansible | TASK [unmount /mnt/mounti] **********************************************************************
2020-10-20 20:12:45,125 p=4932 u=ansible n=ansible | ok: [ansible-managed.local]
2020-10-20 20:12:45,126 p=4932 u=ansible n=ansible | PLAY RECAP **************************************************************************************
2020-10-20 20:12:45,126 p=4932 u=ansible n=ansible | ansible-managed.local      : ok=2    changed=0    unreachable=0    failed=0    skipped=0    rescued=0    ignored=0   
2020-10-20 20:15:58,539 p=4994 u=ansible n=ansible | PLAY [this playbook removes any exisitng lv/partition] ******************************************
2020-10-20 20:15:58,546 p=4994 u=ansible n=ansible | TASK [Gathering Facts] **************************************************************************
2020-10-20 20:15:59,957 p=4994 u=ansible n=ansible | ok: [ansible-managed.local]
2020-10-20 20:15:59,968 p=4994 u=ansible n=ansible | TASK [unmount /mnt/mounti] **********************************************************************
2020-10-20 20:16:00,480 p=4994 u=ansible n=ansible | ok: [ansible-managed.local]
2020-10-20 20:16:00,491 p=4994 u=ansible n=ansible | TASK [remove /mnt/mounti] ***********************************************************************
2020-10-20 20:16:01,000 p=4994 u=ansible n=ansible | changed: [ansible-managed.local]
2020-10-20 20:16:01,011 p=4994 u=ansible n=ansible | TASK [remove logical volume /dev/mapper/test--group-logical--volume] ****************************
2020-10-20 20:16:01,648 p=4994 u=ansible n=ansible | changed: [ansible-managed.local]
2020-10-20 20:16:01,650 p=4994 u=ansible n=ansible | PLAY RECAP **************************************************************************************
2020-10-20 20:16:01,650 p=4994 u=ansible n=ansible | ansible-managed.local      : ok=4    changed=2    unreachable=0    failed=0    skipped=0    rescued=0    ignored=0   
2020-10-20 20:45:12,044 p=5307 u=ansible n=ansible | PLAY [this playbook removes any exisitng lv/partition] ******************************************
2020-10-20 20:45:12,053 p=5307 u=ansible n=ansible | TASK [Gathering Facts] **************************************************************************
2020-10-20 20:45:13,533 p=5307 u=ansible n=ansible | ok: [ansible-managed.local]
2020-10-20 20:45:13,543 p=5307 u=ansible n=ansible | TASK [unmount /mnt/mounti] **********************************************************************
2020-10-20 20:45:14,045 p=5307 u=ansible n=ansible | ok: [ansible-managed.local]
2020-10-20 20:45:14,055 p=5307 u=ansible n=ansible | TASK [remove /mnt/mounti] ***********************************************************************
2020-10-20 20:45:14,561 p=5307 u=ansible n=ansible | ok: [ansible-managed.local]
2020-10-20 20:45:14,572 p=5307 u=ansible n=ansible | TASK [remove logical volume /dev/mapper/test--group-logical--volume] ****************************
2020-10-20 20:45:15,165 p=5307 u=ansible n=ansible | ok: [ansible-managed.local]
2020-10-20 20:45:15,176 p=5307 u=ansible n=ansible | TASK [remove the volume group test-group] *******************************************************
2020-10-20 20:45:15,773 p=5307 u=ansible n=ansible | changed: [ansible-managed.local]
2020-10-20 20:45:15,783 p=5307 u=ansible n=ansible | TASK [remove any partitions] ********************************************************************
2020-10-20 20:45:16,300 p=5307 u=ansible n=ansible | fatal: [ansible-managed.local]: FAILED! => {"changed": false, "msg": "Unsupported parameters for (parted) module: force Supported parameters include: align, device, flags, label, name, number, part_end, part_start, part_type, state, unit"}
2020-10-20 20:45:16,301 p=5307 u=ansible n=ansible | PLAY RECAP **************************************************************************************
2020-10-20 20:45:16,302 p=5307 u=ansible n=ansible | ansible-managed.local      : ok=5    changed=1    unreachable=0    failed=1    skipped=0    rescued=0    ignored=0   
2020-10-20 20:45:30,625 p=5378 u=ansible n=ansible | PLAY [this playbook removes any exisitng lv/partition] ******************************************
2020-10-20 20:45:30,633 p=5378 u=ansible n=ansible | TASK [Gathering Facts] **************************************************************************
2020-10-20 20:45:31,772 p=5378 u=ansible n=ansible | ok: [ansible-managed.local]
2020-10-20 20:45:31,782 p=5378 u=ansible n=ansible | TASK [unmount /mnt/mounti] **********************************************************************
2020-10-20 20:45:32,289 p=5378 u=ansible n=ansible | ok: [ansible-managed.local]
2020-10-20 20:45:32,299 p=5378 u=ansible n=ansible | TASK [remove /mnt/mounti] ***********************************************************************
2020-10-20 20:45:32,805 p=5378 u=ansible n=ansible | ok: [ansible-managed.local]
2020-10-20 20:45:32,816 p=5378 u=ansible n=ansible | TASK [remove logical volume /dev/mapper/test--group-logical--volume] ****************************
2020-10-20 20:45:33,353 p=5378 u=ansible n=ansible | ok: [ansible-managed.local]
2020-10-20 20:45:33,363 p=5378 u=ansible n=ansible | TASK [remove the volume group test-group] *******************************************************
2020-10-20 20:45:33,924 p=5378 u=ansible n=ansible | ok: [ansible-managed.local]
2020-10-20 20:45:33,934 p=5378 u=ansible n=ansible | TASK [remove any partitions] ********************************************************************
2020-10-20 20:45:34,523 p=5378 u=ansible n=ansible | changed: [ansible-managed.local]
2020-10-20 20:45:34,525 p=5378 u=ansible n=ansible | PLAY RECAP **************************************************************************************
2020-10-20 20:45:34,525 p=5378 u=ansible n=ansible | ansible-managed.local      : ok=6    changed=1    unreachable=0    failed=0    skipped=0    rescued=0    ignored=0   
2020-10-20 21:46:18,458 p=5975 u=ansible n=ansible | PLAY [this playbook removes any exisitng lv/partition] *****************************************
2020-10-20 21:46:18,465 p=5975 u=ansible n=ansible | TASK [Gathering Facts] *************************************************************************
2020-10-20 21:46:19,947 p=5975 u=ansible n=ansible | ok: [ansible-managed.local]
2020-10-20 21:46:19,957 p=5975 u=ansible n=ansible | TASK [unmount /mnt/mounti] *********************************************************************
2020-10-20 21:46:20,460 p=5975 u=ansible n=ansible | ok: [ansible-managed.local]
2020-10-20 21:46:20,471 p=5975 u=ansible n=ansible | TASK [remove /mnt/mounti] **********************************************************************
2020-10-20 21:46:20,976 p=5975 u=ansible n=ansible | ok: [ansible-managed.local]
2020-10-20 21:46:20,986 p=5975 u=ansible n=ansible | TASK [remove logical volume /dev/mapper/test--group-logical--volume] ***************************
2020-10-20 21:46:21,546 p=5975 u=ansible n=ansible | ok: [ansible-managed.local]
2020-10-20 21:46:21,556 p=5975 u=ansible n=ansible | TASK [remove the volume group test-group] ******************************************************
2020-10-20 21:46:22,107 p=5975 u=ansible n=ansible | ok: [ansible-managed.local]
2020-10-20 21:46:22,117 p=5975 u=ansible n=ansible | TASK [remove any partitions] *******************************************************************
2020-10-20 21:46:22,671 p=5975 u=ansible n=ansible | ok: [ansible-managed.local]
2020-10-20 21:46:22,681 p=5975 u=ansible n=ansible | TASK [verify partitions] ***********************************************************************
2020-10-20 21:46:23,205 p=5975 u=ansible n=ansible | changed: [ansible-managed.local]
2020-10-20 21:46:23,217 p=5975 u=ansible n=ansible | TASK [display result] **************************************************************************
2020-10-20 21:46:23,286 p=5975 u=ansible n=ansible | fatal: [ansible-managed.local]: FAILED! => {"msg": "template error while templating string: expected token 'end of print statement', got 'MAJ'. String: {{NAME        MAJ:MIN RM  SIZE RO TYPE MOUNTPOINT\nsda           8:0    0   32G  0 disk \n├─sda1        8:1    0    1G  0 part /boot\n└─sda2        8:2    0   31G  0 part \n  ├─cl-root 253:0    0 28.5G  0 lvm  /\n  └─cl-swap 253:1    0  2.5G  0 lvm  [SWAP]\nsdb           8:16   0   10G  0 disk \nsr0          11:0    1  7.7G  0 rom  \nFilesystem           Size  Used Avail Use% Mounted on\ndevtmpfs             1.9G     0  1.9G   0% /dev\ntmpfs                1.9G     0  1.9G   0% /dev/shm\ntmpfs                1.9G  8.9M  1.9G   1% /run\ntmpfs                1.9G     0  1.9G   0% /sys/fs/cgroup\n/dev/mapper/cl-root   29G  4.6G   24G  16% /\n/dev/sda1            976M  192M  717M  22% /boot\ntmpfs                378M  4.0K  378M   1% /run/user/1001}}"}
2020-10-20 21:46:23,287 p=5975 u=ansible n=ansible | PLAY RECAP *************************************************************************************
2020-10-20 21:46:23,287 p=5975 u=ansible n=ansible | ansible-managed.local      : ok=7    changed=1    unreachable=0    failed=1    skipped=0    rescued=0    ignored=0   
2020-10-20 21:46:48,257 p=6058 u=ansible n=ansible | ansible-playbook 2.9.14
  config file = /home/ansible/storage3/ansible.cfg
  configured module search path = ['/home/ansible/.ansible/plugins/modules', '/usr/share/ansible/plugins/modules']
  ansible python module location = /usr/lib/python3.6/site-packages/ansible
  executable location = /usr/bin/ansible-playbook
  python version = 3.6.8 (default, Apr 16 2020, 01:36:27) [GCC 8.3.1 20191121 (Red Hat 8.3.1-5)]
2020-10-20 21:46:48,257 p=6058 u=ansible n=ansible | Using /home/ansible/storage3/ansible.cfg as config file
2020-10-20 21:46:48,452 p=6058 u=ansible n=ansible | PLAYBOOK: remove.yml ***************************************************************************
2020-10-20 21:46:48,452 p=6058 u=ansible n=ansible | 1 plays in remove.yml
2020-10-20 21:46:48,454 p=6058 u=ansible n=ansible | PLAY [this playbook removes any exisitng lv/partition] *****************************************
2020-10-20 21:46:48,461 p=6058 u=ansible n=ansible | TASK [Gathering Facts] *************************************************************************
2020-10-20 21:46:49,595 p=6058 u=ansible n=ansible | ok: [ansible-managed.local]
2020-10-20 21:46:49,595 p=6058 u=ansible n=ansible | META: ran handlers
2020-10-20 21:46:49,605 p=6058 u=ansible n=ansible | TASK [unmount /mnt/mounti] *********************************************************************
2020-10-20 21:46:50,111 p=6058 u=ansible n=ansible | ok: [ansible-managed.local] => {"changed": false, "dump": "0", "fstab": "/etc/fstab", "name": "/mnt/mounti", "opts": "defaults", "passno": "0"}
2020-10-20 21:46:50,121 p=6058 u=ansible n=ansible | TASK [remove /mnt/mounti] **********************************************************************
2020-10-20 21:46:50,626 p=6058 u=ansible n=ansible | ok: [ansible-managed.local] => {"changed": false, "path": "/mnt/mounti", "state": "absent"}
2020-10-20 21:46:50,636 p=6058 u=ansible n=ansible | TASK [remove logical volume /dev/mapper/test--group-logical--volume] ***************************
2020-10-20 21:46:51,172 p=6058 u=ansible n=ansible | ok: [ansible-managed.local] => {"changed": false, "stdout": "Volume group test-group does not exist.", "stdout_lines": ["Volume group test-group does not exist."]}
2020-10-20 21:46:51,183 p=6058 u=ansible n=ansible | TASK [remove the volume group test-group] ******************************************************
2020-10-20 21:46:51,734 p=6058 u=ansible n=ansible | ok: [ansible-managed.local] => {"changed": false}
2020-10-20 21:46:51,745 p=6058 u=ansible n=ansible | TASK [remove any partitions] *******************************************************************
2020-10-20 21:46:52,299 p=6058 u=ansible n=ansible | ok: [ansible-managed.local] => {"changed": false, "disk": {"dev": "/dev/sdb", "logical_block": 512, "model": "QEMU QEMU HARDDISK", "physical_block": 512, "size": 10485760.0, "table": "msdos", "unit": "kib"}, "partitions": [], "script": ""}
2020-10-20 21:46:52,309 p=6058 u=ansible n=ansible | TASK [verify partitions] ***********************************************************************
2020-10-20 21:46:52,835 p=6058 u=ansible n=ansible | changed: [ansible-managed.local] => {"changed": true, "cmd": "lsblk ; df -h", "delta": "0:00:00.005988", "end": "2020-10-20 15:46:52.778696", "rc": 0, "start": "2020-10-20 15:46:52.772708", "stderr": "", "stderr_lines": [], "stdout": "NAME        MAJ:MIN RM  SIZE RO TYPE MOUNTPOINT\nsda           8:0    0   32G  0 disk \n├─sda1        8:1    0    1G  0 part /boot\n└─sda2        8:2    0   31G  0 part \n  ├─cl-root 253:0    0 28.5G  0 lvm  /\n  └─cl-swap 253:1    0  2.5G  0 lvm  [SWAP]\nsdb           8:16   0   10G  0 disk \nsr0          11:0    1  7.7G  0 rom  \nFilesystem           Size  Used Avail Use% Mounted on\ndevtmpfs             1.9G     0  1.9G   0% /dev\ntmpfs                1.9G     0  1.9G   0% /dev/shm\ntmpfs                1.9G  8.9M  1.9G   1% /run\ntmpfs                1.9G     0  1.9G   0% /sys/fs/cgroup\n/dev/mapper/cl-root   29G  4.6G   24G  16% /\n/dev/sda1            976M  192M  717M  22% /boot\ntmpfs                378M  4.0K  378M   1% /run/user/1001", "stdout_lines": ["NAME        MAJ:MIN RM  SIZE RO TYPE MOUNTPOINT", "sda           8:0    0   32G  0 disk ", "├─sda1        8:1    0    1G  0 part /boot", "└─sda2        8:2    0   31G  0 part ", "  ├─cl-root 253:0    0 28.5G  0 lvm  /", "  └─cl-swap 253:1    0  2.5G  0 lvm  [SWAP]", "sdb           8:16   0   10G  0 disk ", "sr0          11:0    1  7.7G  0 rom  ", "Filesystem           Size  Used Avail Use% Mounted on", "devtmpfs             1.9G     0  1.9G   0% /dev", "tmpfs                1.9G     0  1.9G   0% /dev/shm", "tmpfs                1.9G  8.9M  1.9G   1% /run", "tmpfs                1.9G     0  1.9G   0% /sys/fs/cgroup", "/dev/mapper/cl-root   29G  4.6G   24G  16% /", "/dev/sda1            976M  192M  717M  22% /boot", "tmpfs                378M  4.0K  378M   1% /run/user/1001"]}
2020-10-20 21:46:52,846 p=6058 u=ansible n=ansible | TASK [display result] **************************************************************************
2020-10-20 21:46:52,873 p=6058 u=ansible n=ansible | ok: [ansible-managed.local] => {
    "msg": "NAME        MAJ:MIN RM  SIZE RO TYPE MOUNTPOINT\nsda           8:0    0   32G  0 disk \n├─sda1        8:1    0    1G  0 part /boot\n└─sda2        8:2    0   31G  0 part \n  ├─cl-root 253:0    0 28.5G  0 lvm  /\n  └─cl-swap 253:1    0  2.5G  0 lvm  [SWAP]\nsdb           8:16   0   10G  0 disk \nsr0          11:0    1  7.7G  0 rom  \nFilesystem           Size  Used Avail Use% Mounted on\ndevtmpfs             1.9G     0  1.9G   0% /dev\ntmpfs                1.9G     0  1.9G   0% /dev/shm\ntmpfs                1.9G  8.9M  1.9G   1% /run\ntmpfs                1.9G     0  1.9G   0% /sys/fs/cgroup\n/dev/mapper/cl-root   29G  4.6G   24G  16% /\n/dev/sda1            976M  192M  717M  22% /boot\ntmpfs                378M  4.0K  378M   1% /run/user/1001"
}
2020-10-20 21:46:52,873 p=6058 u=ansible n=ansible | META: ran handlers
2020-10-20 21:46:52,873 p=6058 u=ansible n=ansible | META: ran handlers
2020-10-20 21:46:52,874 p=6058 u=ansible n=ansible | PLAY RECAP *************************************************************************************
2020-10-20 21:46:52,874 p=6058 u=ansible n=ansible | ansible-managed.local      : ok=8    changed=1    unreachable=0    failed=0    skipped=0    rescued=0    ignored=0   
2020-10-20 21:47:52,773 p=6175 u=ansible n=ansible | ansible-playbook 2.9.14
  config file = /home/ansible/storage3/ansible.cfg
  configured module search path = ['/home/ansible/.ansible/plugins/modules', '/usr/share/ansible/plugins/modules']
  ansible python module location = /usr/lib/python3.6/site-packages/ansible
  executable location = /usr/bin/ansible-playbook
  python version = 3.6.8 (default, Apr 16 2020, 01:36:27) [GCC 8.3.1 20191121 (Red Hat 8.3.1-5)]
2020-10-20 21:47:52,774 p=6175 u=ansible n=ansible | Using /home/ansible/storage3/ansible.cfg as config file
2020-10-20 21:47:52,980 p=6175 u=ansible n=ansible | PLAYBOOK: remove.yml ***************************************************************************
2020-10-20 21:47:52,981 p=6175 u=ansible n=ansible | 1 plays in remove.yml
2020-10-20 21:47:52,982 p=6175 u=ansible n=ansible | PLAY [this playbook removes any exisitng lv/partition] *****************************************
2020-10-20 21:47:52,990 p=6175 u=ansible n=ansible | TASK [Gathering Facts] *************************************************************************
2020-10-20 21:47:54,410 p=6175 u=ansible n=ansible | ok: [ansible-managed.local]
2020-10-20 21:47:54,410 p=6175 u=ansible n=ansible | META: ran handlers
2020-10-20 21:47:54,420 p=6175 u=ansible n=ansible | TASK [unmount /mnt/mounti] *********************************************************************
2020-10-20 21:47:54,925 p=6175 u=ansible n=ansible | ok: [ansible-managed.local] => {
    "changed": false,
    "dump": "0",
    "fstab": "/etc/fstab",
    "name": "/mnt/mounti",
    "opts": "defaults",
    "passno": "0"
}
2020-10-20 21:47:54,935 p=6175 u=ansible n=ansible | TASK [remove /mnt/mounti] **********************************************************************
2020-10-20 21:47:55,441 p=6175 u=ansible n=ansible | ok: [ansible-managed.local] => {
    "changed": false,
    "path": "/mnt/mounti",
    "state": "absent"
}
2020-10-20 21:47:55,452 p=6175 u=ansible n=ansible | TASK [remove logical volume /dev/mapper/test--group-logical--volume] ***************************
2020-10-20 21:47:56,014 p=6175 u=ansible n=ansible | ok: [ansible-managed.local] => {
    "changed": false
}

STDOUT:

Volume group test-group does not exist.

2020-10-20 21:47:56,024 p=6175 u=ansible n=ansible | TASK [remove the volume group test-group] ******************************************************
2020-10-20 21:47:56,577 p=6175 u=ansible n=ansible | ok: [ansible-managed.local] => {
    "changed": false
}
2020-10-20 21:47:56,587 p=6175 u=ansible n=ansible | TASK [remove any partitions] *******************************************************************
2020-10-20 21:47:58,142 p=6175 u=ansible n=ansible | ok: [ansible-managed.local] => {
    "changed": false,
    "disk": {
        "dev": "/dev/sdb",
        "logical_block": 512,
        "model": "QEMU QEMU HARDDISK",
        "physical_block": 512,
        "size": 10485760.0,
        "table": "msdos",
        "unit": "kib"
    },
    "partitions": [],
    "script": ""
}
2020-10-20 21:47:58,153 p=6175 u=ansible n=ansible | TASK [verify partitions] ***********************************************************************
2020-10-20 21:47:58,679 p=6175 u=ansible n=ansible | changed: [ansible-managed.local] => {
    "changed": true,
    "cmd": "lsblk ; df -h",
    "delta": "0:00:00.006868",
    "end": "2020-10-20 15:47:58.622536",
    "rc": 0,
    "start": "2020-10-20 15:47:58.615668"
}

STDOUT:

NAME        MAJ:MIN RM  SIZE RO TYPE MOUNTPOINT
sda           8:0    0   32G  0 disk 
├─sda1        8:1    0    1G  0 part /boot
└─sda2        8:2    0   31G  0 part 
  ├─cl-root 253:0    0 28.5G  0 lvm  /
  └─cl-swap 253:1    0  2.5G  0 lvm  [SWAP]
sdb           8:16   0   10G  0 disk 
sr0          11:0    1  7.7G  0 rom  
Filesystem           Size  Used Avail Use% Mounted on
devtmpfs             1.9G     0  1.9G   0% /dev
tmpfs                1.9G     0  1.9G   0% /dev/shm
tmpfs                1.9G  8.9M  1.9G   1% /run
tmpfs                1.9G     0  1.9G   0% /sys/fs/cgroup
/dev/mapper/cl-root   29G  4.6G   24G  16% /
/dev/sda1            976M  192M  717M  22% /boot
tmpfs                378M  4.0K  378M   1% /run/user/1001

2020-10-20 21:47:58,690 p=6175 u=ansible n=ansible | TASK [display result] **************************************************************************
2020-10-20 21:47:58,717 p=6175 u=ansible n=ansible | ok: [ansible-managed.local] => {}

MSG:

NAME        MAJ:MIN RM  SIZE RO TYPE MOUNTPOINT
sda           8:0    0   32G  0 disk 
├─sda1        8:1    0    1G  0 part /boot
└─sda2        8:2    0   31G  0 part 
  ├─cl-root 253:0    0 28.5G  0 lvm  /
  └─cl-swap 253:1    0  2.5G  0 lvm  [SWAP]
sdb           8:16   0   10G  0 disk 
sr0          11:0    1  7.7G  0 rom  
Filesystem           Size  Used Avail Use% Mounted on
devtmpfs             1.9G     0  1.9G   0% /dev
tmpfs                1.9G     0  1.9G   0% /dev/shm
tmpfs                1.9G  8.9M  1.9G   1% /run
tmpfs                1.9G     0  1.9G   0% /sys/fs/cgroup
/dev/mapper/cl-root   29G  4.6G   24G  16% /
/dev/sda1            976M  192M  717M  22% /boot
tmpfs                378M  4.0K  378M   1% /run/user/1001

2020-10-20 21:47:58,718 p=6175 u=ansible n=ansible | META: ran handlers
2020-10-20 21:47:58,718 p=6175 u=ansible n=ansible | META: ran handlers
2020-10-20 21:47:58,719 p=6175 u=ansible n=ansible | PLAY RECAP *************************************************************************************
2020-10-20 21:47:58,719 p=6175 u=ansible n=ansible | ansible-managed.local      : ok=8    changed=1    unreachable=0    failed=0    skipped=0    rescued=0    ignored=0   
2020-10-20 21:50:27,833 p=6275 u=ansible n=ansible | - Role myrole was created successfully
2020-10-20 22:20:32,773 p=6612 u=ansible n=ansible | ERROR! the role 'remove-role' was not found in /home/ansible/storage3/roles:/home/ansible/.ansible/roles:/usr/share/ansible/roles:/etc/ansible/roles:/home/ansible/storage3

The error appears to be in '/home/ansible/storage3/create.yml': line 5, column 7, but may
be elsewhere in the file depending on the exact syntax problem.

The offending line appears to be:

  roles:
    - role: remove-role
      ^ here

2020-10-20 22:20:55,260 p=6628 u=ansible n=ansible | playbook: create.yml
2020-10-20 22:21:01,159 p=6636 u=ansible n=ansible | PLAY [create a partition, create a vg + lv + filesystem + mount] *******************************
2020-10-20 22:21:01,167 p=6636 u=ansible n=ansible | TASK [Gathering Facts] *************************************************************************
2020-10-20 22:21:02,662 p=6636 u=ansible n=ansible | ok: [ansible-managed.local]
2020-10-20 22:21:02,672 p=6636 u=ansible n=ansible | TASK [removerole : unmount /mnt/mounti] ********************************************************
2020-10-20 22:21:03,178 p=6636 u=ansible n=ansible | ok: [ansible-managed.local]
2020-10-20 22:21:03,188 p=6636 u=ansible n=ansible | TASK [removerole : remove /mnt/mounti] *********************************************************
2020-10-20 22:21:03,701 p=6636 u=ansible n=ansible | ok: [ansible-managed.local]
2020-10-20 22:21:03,711 p=6636 u=ansible n=ansible | TASK [removerole : remove logical volume /dev/mapper/test--group-logical--volume] **************
2020-10-20 22:21:04,273 p=6636 u=ansible n=ansible | ok: [ansible-managed.local]
2020-10-20 22:21:04,283 p=6636 u=ansible n=ansible | TASK [removerole : remove the volume group test-group] *****************************************
2020-10-20 22:21:04,831 p=6636 u=ansible n=ansible | ok: [ansible-managed.local]
2020-10-20 22:21:04,841 p=6636 u=ansible n=ansible | TASK [removerole : remove any partitions] ******************************************************
2020-10-20 22:21:05,404 p=6636 u=ansible n=ansible | ok: [ansible-managed.local]
2020-10-20 22:21:05,415 p=6636 u=ansible n=ansible | TASK [removerole : verify partitions] **********************************************************
2020-10-20 22:21:05,941 p=6636 u=ansible n=ansible | changed: [ansible-managed.local]
2020-10-20 22:21:05,952 p=6636 u=ansible n=ansible | TASK [removerole : display result] *************************************************************
2020-10-20 22:21:05,980 p=6636 u=ansible n=ansible | ok: [ansible-managed.local] => {}

MSG:

NAME        MAJ:MIN RM  SIZE RO TYPE MOUNTPOINT
sda           8:0    0   32G  0 disk 
├─sda1        8:1    0    1G  0 part /boot
└─sda2        8:2    0   31G  0 part 
  ├─cl-root 253:0    0 28.5G  0 lvm  /
  └─cl-swap 253:1    0  2.5G  0 lvm  [SWAP]
sdb           8:16   0   10G  0 disk 
sr0          11:0    1  7.7G  0 rom  
Filesystem           Size  Used Avail Use% Mounted on
devtmpfs             1.9G     0  1.9G   0% /dev
tmpfs                1.9G     0  1.9G   0% /dev/shm
tmpfs                1.9G  8.9M  1.9G   1% /run
tmpfs                1.9G     0  1.9G   0% /sys/fs/cgroup
/dev/mapper/cl-root   29G  4.6G   24G  16% /
/dev/sda1            976M  192M  717M  22% /boot
tmpfs                378M  4.0K  378M   1% /run/user/1001

2020-10-20 22:21:05,990 p=6636 u=ansible n=ansible | TASK [create partition] ************************************************************************
2020-10-20 22:21:06,455 p=6636 u=ansible n=ansible | changed: [ansible-managed.local]
2020-10-20 22:21:06,465 p=6636 u=ansible n=ansible | TASK [create volume group] *********************************************************************
2020-10-20 22:21:06,492 p=6636 u=ansible n=ansible | fatal: [ansible-managed.local]: FAILED! => {}

MSG:

The conditional check 'result.rc == 0' failed. The error was: error while evaluating conditional (result.rc == 0): 'dict object' has no attribute 'rc'

The error appears to be in '/home/ansible/storage3/create.yml': line 16, column 7, but may
be elsewhere in the file depending on the exact syntax problem.

The offending line appears to be:


    - name: create volume group
      ^ here


2020-10-20 22:21:06,493 p=6636 u=ansible n=ansible | PLAY RECAP *************************************************************************************
2020-10-20 22:21:06,493 p=6636 u=ansible n=ansible | ansible-managed.local      : ok=9    changed=2    unreachable=0    failed=1    skipped=0    rescued=0    ignored=0   
2020-10-20 22:21:21,534 p=6728 u=ansible n=ansible | ansible-playbook 2.9.14
  config file = /home/ansible/storage3/ansible.cfg
  configured module search path = ['/home/ansible/.ansible/plugins/modules', '/usr/share/ansible/plugins/modules']
  ansible python module location = /usr/lib/python3.6/site-packages/ansible
  executable location = /usr/bin/ansible-playbook
  python version = 3.6.8 (default, Apr 16 2020, 01:36:27) [GCC 8.3.1 20191121 (Red Hat 8.3.1-5)]
2020-10-20 22:21:21,534 p=6728 u=ansible n=ansible | Using /home/ansible/storage3/ansible.cfg as config file
2020-10-20 22:21:21,735 p=6728 u=ansible n=ansible | PLAYBOOK: create.yml ***************************************************************************
2020-10-20 22:21:21,735 p=6728 u=ansible n=ansible | 1 plays in create.yml
2020-10-20 22:21:21,737 p=6728 u=ansible n=ansible | PLAY [create a partition, create a vg + lv + filesystem + mount] *******************************
2020-10-20 22:21:21,745 p=6728 u=ansible n=ansible | TASK [Gathering Facts] *************************************************************************
2020-10-20 22:21:22,899 p=6728 u=ansible n=ansible | ok: [ansible-managed.local]
2020-10-20 22:21:22,899 p=6728 u=ansible n=ansible | META: ran handlers
2020-10-20 22:21:22,909 p=6728 u=ansible n=ansible | TASK [removerole : unmount /mnt/mounti] ********************************************************
2020-10-20 22:21:23,414 p=6728 u=ansible n=ansible | ok: [ansible-managed.local] => {
    "changed": false,
    "dump": "0",
    "fstab": "/etc/fstab",
    "name": "/mnt/mounti",
    "opts": "defaults",
    "passno": "0"
}
2020-10-20 22:21:23,424 p=6728 u=ansible n=ansible | TASK [removerole : remove /mnt/mounti] *********************************************************
2020-10-20 22:21:23,936 p=6728 u=ansible n=ansible | ok: [ansible-managed.local] => {
    "changed": false,
    "path": "/mnt/mounti",
    "state": "absent"
}
2020-10-20 22:21:23,946 p=6728 u=ansible n=ansible | TASK [removerole : remove logical volume /dev/mapper/test--group-logical--volume] **************
2020-10-20 22:21:24,482 p=6728 u=ansible n=ansible | ok: [ansible-managed.local] => {
    "changed": false
}

STDOUT:

Volume group test-group does not exist.

2020-10-20 22:21:24,492 p=6728 u=ansible n=ansible | TASK [removerole : remove the volume group test-group] *****************************************
2020-10-20 22:21:25,046 p=6728 u=ansible n=ansible | ok: [ansible-managed.local] => {
    "changed": false
}
2020-10-20 22:21:25,056 p=6728 u=ansible n=ansible | TASK [removerole : remove any partitions] ******************************************************
2020-10-20 22:21:25,663 p=6728 u=ansible n=ansible | changed: [ansible-managed.local] => {
    "changed": true,
    "disk": {
        "dev": "/dev/sdb",
        "logical_block": 512,
        "model": "QEMU QEMU HARDDISK",
        "physical_block": 512,
        "size": 10485760.0,
        "table": "msdos",
        "unit": "kib"
    },
    "partitions": [],
    "script": "rm 1"
}
2020-10-20 22:21:25,674 p=6728 u=ansible n=ansible | TASK [removerole : verify partitions] **********************************************************
2020-10-20 22:21:26,201 p=6728 u=ansible n=ansible | changed: [ansible-managed.local] => {
    "changed": true,
    "cmd": "lsblk ; df -h",
    "delta": "0:00:00.006533",
    "end": "2020-10-20 16:21:26.142875",
    "rc": 0,
    "start": "2020-10-20 16:21:26.136342"
}

STDOUT:

NAME        MAJ:MIN RM  SIZE RO TYPE MOUNTPOINT
sda           8:0    0   32G  0 disk 
├─sda1        8:1    0    1G  0 part /boot
└─sda2        8:2    0   31G  0 part 
  ├─cl-root 253:0    0 28.5G  0 lvm  /
  └─cl-swap 253:1    0  2.5G  0 lvm  [SWAP]
sdb           8:16   0   10G  0 disk 
sr0          11:0    1  7.7G  0 rom  
Filesystem           Size  Used Avail Use% Mounted on
devtmpfs             1.9G     0  1.9G   0% /dev
tmpfs                1.9G     0  1.9G   0% /dev/shm
tmpfs                1.9G  8.9M  1.9G   1% /run
tmpfs                1.9G     0  1.9G   0% /sys/fs/cgroup
/dev/mapper/cl-root   29G  4.6G   24G  16% /
/dev/sda1            976M  192M  717M  22% /boot
tmpfs                378M  4.0K  378M   1% /run/user/1001

2020-10-20 22:21:26,212 p=6728 u=ansible n=ansible | TASK [removerole : display result] *************************************************************
2020-10-20 22:21:26,238 p=6728 u=ansible n=ansible | ok: [ansible-managed.local] => {}

MSG:

NAME        MAJ:MIN RM  SIZE RO TYPE MOUNTPOINT
sda           8:0    0   32G  0 disk 
├─sda1        8:1    0    1G  0 part /boot
└─sda2        8:2    0   31G  0 part 
  ├─cl-root 253:0    0 28.5G  0 lvm  /
  └─cl-swap 253:1    0  2.5G  0 lvm  [SWAP]
sdb           8:16   0   10G  0 disk 
sr0          11:0    1  7.7G  0 rom  
Filesystem           Size  Used Avail Use% Mounted on
devtmpfs             1.9G     0  1.9G   0% /dev
tmpfs                1.9G     0  1.9G   0% /dev/shm
tmpfs                1.9G  8.9M  1.9G   1% /run
tmpfs                1.9G     0  1.9G   0% /sys/fs/cgroup
/dev/mapper/cl-root   29G  4.6G   24G  16% /
/dev/sda1            976M  192M  717M  22% /boot
tmpfs                378M  4.0K  378M   1% /run/user/1001

2020-10-20 22:21:26,239 p=6728 u=ansible n=ansible | META: ran handlers
2020-10-20 22:21:26,250 p=6728 u=ansible n=ansible | TASK [create partition] ************************************************************************
2020-10-20 22:21:26,718 p=6728 u=ansible n=ansible | changed: [ansible-managed.local] => {
    "changed": true,
    "disk": {
        "dev": "/dev/sdb",
        "logical_block": 512,
        "model": "QEMU QEMU HARDDISK",
        "physical_block": 512,
        "size": 10485760.0,
        "table": "msdos",
        "unit": "kib"
    },
    "partitions": [
        {
            "begin": 1024.0,
            "end": 7340032.0,
            "flags": [],
            "fstype": "",
            "name": "",
            "num": 1,
            "size": 7339008.0,
            "unit": "kib"
        }
    ],
    "script": "unit KiB mkpart primary 1MiB 7GiB"
}
2020-10-20 22:21:26,728 p=6728 u=ansible n=ansible | TASK [create volume group] *********************************************************************
2020-10-20 22:21:26,755 p=6728 u=ansible n=ansible | fatal: [ansible-managed.local]: FAILED! => {}

MSG:

The conditional check 'result.rc == 0' failed. The error was: error while evaluating conditional (result.rc == 0): 'dict object' has no attribute 'rc'

The error appears to be in '/home/ansible/storage3/create.yml': line 16, column 7, but may
be elsewhere in the file depending on the exact syntax problem.

The offending line appears to be:


    - name: create volume group
      ^ here


2020-10-20 22:21:26,756 p=6728 u=ansible n=ansible | PLAY RECAP *************************************************************************************
2020-10-20 22:21:26,756 p=6728 u=ansible n=ansible | ansible-managed.local      : ok=9    changed=3    unreachable=0    failed=1    skipped=0    rescued=0    ignored=0   
2020-10-20 22:22:19,761 p=6823 u=ansible n=ansible | ansible-playbook 2.9.14
  config file = /home/ansible/storage3/ansible.cfg
  configured module search path = ['/home/ansible/.ansible/plugins/modules', '/usr/share/ansible/plugins/modules']
  ansible python module location = /usr/lib/python3.6/site-packages/ansible
  executable location = /usr/bin/ansible-playbook
  python version = 3.6.8 (default, Apr 16 2020, 01:36:27) [GCC 8.3.1 20191121 (Red Hat 8.3.1-5)]
2020-10-20 22:22:19,761 p=6823 u=ansible n=ansible | Using /home/ansible/storage3/ansible.cfg as config file
2020-10-20 22:22:19,962 p=6823 u=ansible n=ansible | PLAYBOOK: create.yml ***************************************************************************
2020-10-20 22:22:19,962 p=6823 u=ansible n=ansible | 1 plays in create.yml
2020-10-20 22:22:19,964 p=6823 u=ansible n=ansible | PLAY [create a partition, create a vg + lv + filesystem + mount] *******************************
2020-10-20 22:22:19,972 p=6823 u=ansible n=ansible | TASK [Gathering Facts] *************************************************************************
2020-10-20 22:22:21,125 p=6823 u=ansible n=ansible | ok: [ansible-managed.local]
2020-10-20 22:22:21,125 p=6823 u=ansible n=ansible | META: ran handlers
2020-10-20 22:22:21,135 p=6823 u=ansible n=ansible | TASK [removerole : unmount /mnt/mounti] ********************************************************
2020-10-20 22:22:21,642 p=6823 u=ansible n=ansible | ok: [ansible-managed.local] => {
    "changed": false,
    "dump": "0",
    "fstab": "/etc/fstab",
    "name": "/mnt/mounti",
    "opts": "defaults",
    "passno": "0"
}
2020-10-20 22:22:21,652 p=6823 u=ansible n=ansible | TASK [removerole : remove /mnt/mounti] *********************************************************
2020-10-20 22:22:22,160 p=6823 u=ansible n=ansible | ok: [ansible-managed.local] => {
    "changed": false,
    "path": "/mnt/mounti",
    "state": "absent"
}
2020-10-20 22:22:22,170 p=6823 u=ansible n=ansible | TASK [removerole : remove logical volume /dev/mapper/test--group-logical--volume] **************
2020-10-20 22:22:22,709 p=6823 u=ansible n=ansible | ok: [ansible-managed.local] => {
    "changed": false
}

STDOUT:

Volume group test-group does not exist.

2020-10-20 22:22:22,719 p=6823 u=ansible n=ansible | TASK [removerole : remove the volume group test-group] *****************************************
2020-10-20 22:22:23,273 p=6823 u=ansible n=ansible | ok: [ansible-managed.local] => {
    "changed": false
}
2020-10-20 22:22:23,283 p=6823 u=ansible n=ansible | TASK [removerole : remove any partitions] ******************************************************
2020-10-20 22:22:23,884 p=6823 u=ansible n=ansible | changed: [ansible-managed.local] => {
    "changed": true,
    "disk": {
        "dev": "/dev/sdb",
        "logical_block": 512,
        "model": "QEMU QEMU HARDDISK",
        "physical_block": 512,
        "size": 10485760.0,
        "table": "msdos",
        "unit": "kib"
    },
    "partitions": [],
    "script": "rm 1"
}
2020-10-20 22:22:23,895 p=6823 u=ansible n=ansible | TASK [removerole : verify partitions] **********************************************************
2020-10-20 22:22:24,422 p=6823 u=ansible n=ansible | changed: [ansible-managed.local] => {
    "changed": true,
    "cmd": "lsblk ; df -h",
    "delta": "0:00:00.006472",
    "end": "2020-10-20 16:22:24.366230",
    "rc": 0,
    "start": "2020-10-20 16:22:24.359758"
}

STDOUT:

NAME        MAJ:MIN RM  SIZE RO TYPE MOUNTPOINT
sda           8:0    0   32G  0 disk 
├─sda1        8:1    0    1G  0 part /boot
└─sda2        8:2    0   31G  0 part 
  ├─cl-root 253:0    0 28.5G  0 lvm  /
  └─cl-swap 253:1    0  2.5G  0 lvm  [SWAP]
sdb           8:16   0   10G  0 disk 
sr0          11:0    1  7.7G  0 rom  
Filesystem           Size  Used Avail Use% Mounted on
devtmpfs             1.9G     0  1.9G   0% /dev
tmpfs                1.9G     0  1.9G   0% /dev/shm
tmpfs                1.9G  8.9M  1.9G   1% /run
tmpfs                1.9G     0  1.9G   0% /sys/fs/cgroup
/dev/mapper/cl-root   29G  4.6G   24G  16% /
/dev/sda1            976M  192M  717M  22% /boot
tmpfs                378M  4.0K  378M   1% /run/user/1001

2020-10-20 22:22:24,433 p=6823 u=ansible n=ansible | TASK [removerole : display result] *************************************************************
2020-10-20 22:22:24,460 p=6823 u=ansible n=ansible | ok: [ansible-managed.local] => {}

MSG:

NAME        MAJ:MIN RM  SIZE RO TYPE MOUNTPOINT
sda           8:0    0   32G  0 disk 
├─sda1        8:1    0    1G  0 part /boot
└─sda2        8:2    0   31G  0 part 
  ├─cl-root 253:0    0 28.5G  0 lvm  /
  └─cl-swap 253:1    0  2.5G  0 lvm  [SWAP]
sdb           8:16   0   10G  0 disk 
sr0          11:0    1  7.7G  0 rom  
Filesystem           Size  Used Avail Use% Mounted on
devtmpfs             1.9G     0  1.9G   0% /dev
tmpfs                1.9G     0  1.9G   0% /dev/shm
tmpfs                1.9G  8.9M  1.9G   1% /run
tmpfs                1.9G     0  1.9G   0% /sys/fs/cgroup
/dev/mapper/cl-root   29G  4.6G   24G  16% /
/dev/sda1            976M  192M  717M  22% /boot
tmpfs                378M  4.0K  378M   1% /run/user/1001

2020-10-20 22:22:24,461 p=6823 u=ansible n=ansible | META: ran handlers
2020-10-20 22:22:24,471 p=6823 u=ansible n=ansible | TASK [create partition] ************************************************************************
2020-10-20 22:22:25,981 p=6823 u=ansible n=ansible | changed: [ansible-managed.local] => {
    "changed": true,
    "disk": {
        "dev": "/dev/sdb",
        "logical_block": 512,
        "model": "QEMU QEMU HARDDISK",
        "physical_block": 512,
        "size": 10485760.0,
        "table": "msdos",
        "unit": "kib"
    },
    "partitions": [
        {
            "begin": 1024.0,
            "end": 7340032.0,
            "flags": [],
            "fstype": "",
            "name": "",
            "num": 1,
            "size": 7339008.0,
            "unit": "kib"
        }
    ],
    "script": "unit KiB mkpart primary 1MiB 7GiB"
}
2020-10-20 22:22:25,991 p=6823 u=ansible n=ansible | TASK [create volume group] *********************************************************************
2020-10-20 22:22:26,391 p=6823 u=ansible n=ansible | fatal: [ansible-managed.local]: FAILED! => {
    "changed": false
}

MSG:

Unsupported parameters for (lvg) module: pv Supported parameters include: force, pesize, pv_options, pvs, state, vg, vg_options

2020-10-20 22:22:26,392 p=6823 u=ansible n=ansible | PLAY RECAP *************************************************************************************
2020-10-20 22:22:26,393 p=6823 u=ansible n=ansible | ansible-managed.local      : ok=9    changed=3    unreachable=0    failed=1    skipped=0    rescued=0    ignored=0   
2020-10-20 22:22:48,066 p=6917 u=ansible n=ansible | PLAY [create a partition, create a vg + lv + filesystem + mount] *******************************
2020-10-20 22:22:48,074 p=6917 u=ansible n=ansible | TASK [Gathering Facts] *************************************************************************
2020-10-20 22:22:49,214 p=6917 u=ansible n=ansible | ok: [ansible-managed.local]
2020-10-20 22:22:49,224 p=6917 u=ansible n=ansible | TASK [removerole : unmount /mnt/mounti] ********************************************************
2020-10-20 22:22:49,727 p=6917 u=ansible n=ansible | ok: [ansible-managed.local]
2020-10-20 22:22:49,737 p=6917 u=ansible n=ansible | TASK [removerole : remove /mnt/mounti] *********************************************************
2020-10-20 22:22:50,244 p=6917 u=ansible n=ansible | ok: [ansible-managed.local]
2020-10-20 22:22:50,254 p=6917 u=ansible n=ansible | TASK [removerole : remove logical volume /dev/mapper/test--group-logical--volume] **************
2020-10-20 22:22:50,788 p=6917 u=ansible n=ansible | ok: [ansible-managed.local]
2020-10-20 22:22:50,798 p=6917 u=ansible n=ansible | TASK [removerole : remove the volume group test-group] *****************************************
2020-10-20 22:22:51,348 p=6917 u=ansible n=ansible | ok: [ansible-managed.local]
2020-10-20 22:22:51,358 p=6917 u=ansible n=ansible | TASK [removerole : remove any partitions] ******************************************************
2020-10-20 22:22:51,947 p=6917 u=ansible n=ansible | changed: [ansible-managed.local]
2020-10-20 22:22:51,958 p=6917 u=ansible n=ansible | TASK [removerole : verify partitions] **********************************************************
2020-10-20 22:22:52,487 p=6917 u=ansible n=ansible | changed: [ansible-managed.local]
2020-10-20 22:22:52,498 p=6917 u=ansible n=ansible | TASK [removerole : display result] *************************************************************
2020-10-20 22:22:52,525 p=6917 u=ansible n=ansible | ok: [ansible-managed.local] => {}

MSG:

NAME        MAJ:MIN RM  SIZE RO TYPE MOUNTPOINT
sda           8:0    0   32G  0 disk 
├─sda1        8:1    0    1G  0 part /boot
└─sda2        8:2    0   31G  0 part 
  ├─cl-root 253:0    0 28.5G  0 lvm  /
  └─cl-swap 253:1    0  2.5G  0 lvm  [SWAP]
sdb           8:16   0   10G  0 disk 
sr0          11:0    1  7.7G  0 rom  
Filesystem           Size  Used Avail Use% Mounted on
devtmpfs             1.9G     0  1.9G   0% /dev
tmpfs                1.9G     0  1.9G   0% /dev/shm
tmpfs                1.9G  8.9M  1.9G   1% /run
tmpfs                1.9G     0  1.9G   0% /sys/fs/cgroup
/dev/mapper/cl-root   29G  4.6G   24G  16% /
/dev/sda1            976M  192M  717M  22% /boot
tmpfs                378M  4.0K  378M   1% /run/user/1001

2020-10-20 22:22:52,535 p=6917 u=ansible n=ansible | TASK [create partition] ************************************************************************
2020-10-20 22:22:54,026 p=6917 u=ansible n=ansible | changed: [ansible-managed.local]
2020-10-20 22:22:54,038 p=6917 u=ansible n=ansible | TASK [create volume group] *********************************************************************
2020-10-20 22:22:54,610 p=6917 u=ansible n=ansible | changed: [ansible-managed.local]
2020-10-20 22:22:54,620 p=6917 u=ansible n=ansible | TASK [create logical volume] *******************************************************************
2020-10-20 22:22:55,096 p=6917 u=ansible n=ansible | fatal: [ansible-managed.local]: FAILED! => {
    "changed": false
}

MSG:

No size given.

2020-10-20 22:22:55,097 p=6917 u=ansible n=ansible | PLAY RECAP *************************************************************************************
2020-10-20 22:22:55,097 p=6917 u=ansible n=ansible | ansible-managed.local      : ok=10   changed=4    unreachable=0    failed=1    skipped=0    rescued=0    ignored=0   
2020-10-20 22:24:15,481 p=7036 u=ansible n=ansible | PLAY [create a partition, create a vg + lv + filesystem + mount] *******************************
2020-10-20 22:24:15,490 p=7036 u=ansible n=ansible | TASK [Gathering Facts] *************************************************************************
2020-10-20 22:24:16,903 p=7036 u=ansible n=ansible | ok: [ansible-managed.local]
2020-10-20 22:24:16,913 p=7036 u=ansible n=ansible | TASK [removerole : unmount /mnt/mounti] ********************************************************
2020-10-20 22:24:17,419 p=7036 u=ansible n=ansible | ok: [ansible-managed.local]
2020-10-20 22:24:17,430 p=7036 u=ansible n=ansible | TASK [removerole : remove /mnt/mounti] *********************************************************
2020-10-20 22:24:17,938 p=7036 u=ansible n=ansible | ok: [ansible-managed.local]
2020-10-20 22:24:17,948 p=7036 u=ansible n=ansible | TASK [removerole : remove logical volume /dev/mapper/test--group-logical--volume] **************
2020-10-20 22:24:18,546 p=7036 u=ansible n=ansible | ok: [ansible-managed.local]
2020-10-20 22:24:18,556 p=7036 u=ansible n=ansible | TASK [removerole : remove the volume group test-group] *****************************************
2020-10-20 22:24:19,158 p=7036 u=ansible n=ansible | changed: [ansible-managed.local]
2020-10-20 22:24:19,169 p=7036 u=ansible n=ansible | TASK [removerole : remove any partitions] ******************************************************
2020-10-20 22:24:19,751 p=7036 u=ansible n=ansible | changed: [ansible-managed.local]
2020-10-20 22:24:19,761 p=7036 u=ansible n=ansible | TASK [removerole : verify partitions] **********************************************************
2020-10-20 22:24:20,289 p=7036 u=ansible n=ansible | changed: [ansible-managed.local]
2020-10-20 22:24:20,300 p=7036 u=ansible n=ansible | TASK [removerole : display result] *************************************************************
2020-10-20 22:24:20,326 p=7036 u=ansible n=ansible | ok: [ansible-managed.local] => {}

MSG:

NAME        MAJ:MIN RM  SIZE RO TYPE MOUNTPOINT
sda           8:0    0   32G  0 disk 
├─sda1        8:1    0    1G  0 part /boot
└─sda2        8:2    0   31G  0 part 
  ├─cl-root 253:0    0 28.5G  0 lvm  /
  └─cl-swap 253:1    0  2.5G  0 lvm  [SWAP]
sdb           8:16   0   10G  0 disk 
sr0          11:0    1  7.7G  0 rom  
Filesystem           Size  Used Avail Use% Mounted on
devtmpfs             1.9G     0  1.9G   0% /dev
tmpfs                1.9G     0  1.9G   0% /dev/shm
tmpfs                1.9G  8.9M  1.9G   1% /run
tmpfs                1.9G     0  1.9G   0% /sys/fs/cgroup
/dev/mapper/cl-root   29G  4.6G   24G  16% /
/dev/sda1            976M  192M  717M  22% /boot
tmpfs                378M  4.0K  378M   1% /run/user/1001

2020-10-20 22:24:20,337 p=7036 u=ansible n=ansible | TASK [create partition] ************************************************************************
2020-10-20 22:24:20,813 p=7036 u=ansible n=ansible | changed: [ansible-managed.local]
2020-10-20 22:24:20,823 p=7036 u=ansible n=ansible | TASK [create volume group] *********************************************************************
2020-10-20 22:24:21,390 p=7036 u=ansible n=ansible | changed: [ansible-managed.local]
2020-10-20 22:24:21,401 p=7036 u=ansible n=ansible | TASK [create logical volume] *******************************************************************
2020-10-20 22:24:21,950 p=7036 u=ansible n=ansible | changed: [ansible-managed.local]
2020-10-20 22:24:21,961 p=7036 u=ansible n=ansible | TASK [create filesystem] ***********************************************************************
2020-10-20 22:24:22,634 p=7036 u=ansible n=ansible | changed: [ansible-managed.local]
2020-10-20 22:24:22,645 p=7036 u=ansible n=ansible | TASK [create mount point] **********************************************************************
2020-10-20 22:24:23,054 p=7036 u=ansible n=ansible | changed: [ansible-managed.local]
2020-10-20 22:24:23,064 p=7036 u=ansible n=ansible | TASK [mount volume] ****************************************************************************
2020-10-20 22:24:23,466 p=7036 u=ansible n=ansible | fatal: [ansible-managed.local]: FAILED! => {
    "changed": false
}

MSG:

state is mounted but all of the following are missing: fstype

2020-10-20 22:24:23,467 p=7036 u=ansible n=ansible | PLAY RECAP *************************************************************************************
2020-10-20 22:24:23,467 p=7036 u=ansible n=ansible | ansible-managed.local      : ok=13   changed=8    unreachable=0    failed=1    skipped=0    rescued=0    ignored=0   
2020-10-20 22:24:48,708 p=7170 u=ansible n=ansible | PLAY [create a partition, create a vg + lv + filesystem + mount] *******************************
2020-10-20 22:24:48,716 p=7170 u=ansible n=ansible | TASK [Gathering Facts] *************************************************************************
2020-10-20 22:24:49,868 p=7170 u=ansible n=ansible | ok: [ansible-managed.local]
2020-10-20 22:24:49,878 p=7170 u=ansible n=ansible | TASK [removerole : unmount /mnt/mounti] ********************************************************
2020-10-20 22:24:50,383 p=7170 u=ansible n=ansible | ok: [ansible-managed.local]
2020-10-20 22:24:50,394 p=7170 u=ansible n=ansible | TASK [removerole : remove /mnt/mounti] *********************************************************
2020-10-20 22:24:50,899 p=7170 u=ansible n=ansible | changed: [ansible-managed.local]
2020-10-20 22:24:50,910 p=7170 u=ansible n=ansible | TASK [removerole : remove logical volume /dev/mapper/test--group-logical--volume] **************
2020-10-20 22:24:51,515 p=7170 u=ansible n=ansible | changed: [ansible-managed.local]
2020-10-20 22:24:51,526 p=7170 u=ansible n=ansible | TASK [removerole : remove the volume group test-group] *****************************************
2020-10-20 22:24:52,119 p=7170 u=ansible n=ansible | changed: [ansible-managed.local]
2020-10-20 22:24:52,130 p=7170 u=ansible n=ansible | TASK [removerole : remove any partitions] ******************************************************
2020-10-20 22:24:52,728 p=7170 u=ansible n=ansible | changed: [ansible-managed.local]
2020-10-20 22:24:52,741 p=7170 u=ansible n=ansible | TASK [removerole : verify partitions] **********************************************************
2020-10-20 22:24:53,270 p=7170 u=ansible n=ansible | changed: [ansible-managed.local]
2020-10-20 22:24:53,281 p=7170 u=ansible n=ansible | TASK [removerole : display result] *************************************************************
2020-10-20 22:24:53,308 p=7170 u=ansible n=ansible | ok: [ansible-managed.local] => {}

MSG:

NAME        MAJ:MIN RM  SIZE RO TYPE MOUNTPOINT
sda           8:0    0   32G  0 disk 
├─sda1        8:1    0    1G  0 part /boot
└─sda2        8:2    0   31G  0 part 
  ├─cl-root 253:0    0 28.5G  0 lvm  /
  └─cl-swap 253:1    0  2.5G  0 lvm  [SWAP]
sdb           8:16   0   10G  0 disk 
sr0          11:0    1  7.7G  0 rom  
Filesystem           Size  Used Avail Use% Mounted on
devtmpfs             1.9G     0  1.9G   0% /dev
tmpfs                1.9G     0  1.9G   0% /dev/shm
tmpfs                1.9G  8.9M  1.9G   1% /run
tmpfs                1.9G     0  1.9G   0% /sys/fs/cgroup
/dev/mapper/cl-root   29G  4.6G   24G  16% /
/dev/sda1            976M  192M  717M  22% /boot
tmpfs                378M  4.0K  378M   1% /run/user/1001

2020-10-20 22:24:53,319 p=7170 u=ansible n=ansible | TASK [create partition] ************************************************************************
2020-10-20 22:24:53,806 p=7170 u=ansible n=ansible | changed: [ansible-managed.local]
2020-10-20 22:24:53,817 p=7170 u=ansible n=ansible | TASK [create volume group] *********************************************************************
2020-10-20 22:24:54,388 p=7170 u=ansible n=ansible | changed: [ansible-managed.local]
2020-10-20 22:24:54,399 p=7170 u=ansible n=ansible | TASK [create logical volume] *******************************************************************
2020-10-20 22:24:54,939 p=7170 u=ansible n=ansible | changed: [ansible-managed.local]
2020-10-20 22:24:54,950 p=7170 u=ansible n=ansible | TASK [create filesystem] ***********************************************************************
2020-10-20 22:24:55,601 p=7170 u=ansible n=ansible | changed: [ansible-managed.local]
2020-10-20 22:24:55,612 p=7170 u=ansible n=ansible | TASK [create mount point] **********************************************************************
2020-10-20 22:24:56,022 p=7170 u=ansible n=ansible | ok: [ansible-managed.local]
2020-10-20 22:24:56,033 p=7170 u=ansible n=ansible | TASK [mount volume] ****************************************************************************
2020-10-20 22:24:56,432 p=7170 u=ansible n=ansible | fatal: [ansible-managed.local]: FAILED! => {
    "changed": false
}

MSG:

Unsupported parameters for (mount) module: sftype Supported parameters include: backup, boot, dump, fstab, fstype, opts, passno, path, src, state

2020-10-20 22:24:56,435 p=7170 u=ansible n=ansible | PLAY RECAP *************************************************************************************
2020-10-20 22:24:56,435 p=7170 u=ansible n=ansible | ansible-managed.local      : ok=13   changed=9    unreachable=0    failed=1    skipped=0    rescued=0    ignored=0   
2020-10-20 22:25:23,850 p=7308 u=ansible n=ansible | PLAY [create a partition, create a vg + lv + filesystem + mount] *******************************
2020-10-20 22:25:23,859 p=7308 u=ansible n=ansible | TASK [Gathering Facts] *************************************************************************
2020-10-20 22:25:25,012 p=7308 u=ansible n=ansible | ok: [ansible-managed.local]
2020-10-20 22:25:25,023 p=7308 u=ansible n=ansible | TASK [removerole : unmount /mnt/mounti] ********************************************************
2020-10-20 22:25:25,526 p=7308 u=ansible n=ansible | ok: [ansible-managed.local]
2020-10-20 22:25:25,537 p=7308 u=ansible n=ansible | TASK [removerole : remove /mnt/mounti] *********************************************************
2020-10-20 22:25:26,045 p=7308 u=ansible n=ansible | changed: [ansible-managed.local]
2020-10-20 22:25:26,056 p=7308 u=ansible n=ansible | TASK [removerole : remove logical volume /dev/mapper/test--group-logical--volume] **************
2020-10-20 22:25:26,674 p=7308 u=ansible n=ansible | changed: [ansible-managed.local]
2020-10-20 22:25:26,685 p=7308 u=ansible n=ansible | TASK [removerole : remove the volume group test-group] *****************************************
2020-10-20 22:25:27,278 p=7308 u=ansible n=ansible | changed: [ansible-managed.local]
2020-10-20 22:25:27,289 p=7308 u=ansible n=ansible | TASK [removerole : remove any partitions] ******************************************************
2020-10-20 22:25:27,872 p=7308 u=ansible n=ansible | changed: [ansible-managed.local]
2020-10-20 22:25:27,884 p=7308 u=ansible n=ansible | TASK [removerole : verify partitions] **********************************************************
2020-10-20 22:25:28,411 p=7308 u=ansible n=ansible | changed: [ansible-managed.local]
2020-10-20 22:25:28,422 p=7308 u=ansible n=ansible | TASK [removerole : display result] *************************************************************
2020-10-20 22:25:28,449 p=7308 u=ansible n=ansible | ok: [ansible-managed.local] => {}

MSG:

NAME        MAJ:MIN RM  SIZE RO TYPE MOUNTPOINT
sda           8:0    0   32G  0 disk 
├─sda1        8:1    0    1G  0 part /boot
└─sda2        8:2    0   31G  0 part 
  ├─cl-root 253:0    0 28.5G  0 lvm  /
  └─cl-swap 253:1    0  2.5G  0 lvm  [SWAP]
sdb           8:16   0   10G  0 disk 
sr0          11:0    1  7.7G  0 rom  
Filesystem           Size  Used Avail Use% Mounted on
devtmpfs             1.9G     0  1.9G   0% /dev
tmpfs                1.9G     0  1.9G   0% /dev/shm
tmpfs                1.9G  8.9M  1.9G   1% /run
tmpfs                1.9G     0  1.9G   0% /sys/fs/cgroup
/dev/mapper/cl-root   29G  4.6G   24G  16% /
/dev/sda1            976M  192M  717M  22% /boot
tmpfs                378M  4.0K  378M   1% /run/user/1001

2020-10-20 22:25:28,460 p=7308 u=ansible n=ansible | TASK [create partition] ************************************************************************
2020-10-20 22:25:28,929 p=7308 u=ansible n=ansible | changed: [ansible-managed.local]
2020-10-20 22:25:28,940 p=7308 u=ansible n=ansible | TASK [create volume group] *********************************************************************
2020-10-20 22:25:29,504 p=7308 u=ansible n=ansible | changed: [ansible-managed.local]
2020-10-20 22:25:29,515 p=7308 u=ansible n=ansible | TASK [create logical volume] *******************************************************************
2020-10-20 22:25:30,051 p=7308 u=ansible n=ansible | changed: [ansible-managed.local]
2020-10-20 22:25:30,062 p=7308 u=ansible n=ansible | TASK [create filesystem] ***********************************************************************
2020-10-20 22:25:30,709 p=7308 u=ansible n=ansible | changed: [ansible-managed.local]
2020-10-20 22:25:30,720 p=7308 u=ansible n=ansible | TASK [create mount point] **********************************************************************
2020-10-20 22:25:31,129 p=7308 u=ansible n=ansible | ok: [ansible-managed.local]
2020-10-20 22:25:31,140 p=7308 u=ansible n=ansible | TASK [mount volume] ****************************************************************************
2020-10-20 22:25:31,578 p=7308 u=ansible n=ansible | changed: [ansible-managed.local]
2020-10-20 22:25:31,589 p=7308 u=ansible n=ansible | TASK [update fstab] ****************************************************************************
2020-10-20 22:25:31,998 p=7308 u=ansible n=ansible | changed: [ansible-managed.local]
2020-10-20 22:25:32,009 p=7308 u=ansible n=ansible | TASK [verify] **********************************************************************************
2020-10-20 22:25:32,036 p=7308 u=ansible n=ansible | ok: [ansible-managed.local] => {}

MSG:

/dev/test-group/logical-volume /mnt/mount xfs defaults 0 0

2020-10-20 22:25:32,037 p=7308 u=ansible n=ansible | PLAY RECAP *************************************************************************************
2020-10-20 22:25:32,037 p=7308 u=ansible n=ansible | ansible-managed.local      : ok=16   changed=11   unreachable=0    failed=0    skipped=0    rescued=0    ignored=0   
2020-10-20 22:26:00,996 p=7457 u=ansible n=ansible | ansible-playbook 2.9.14
  config file = /home/ansible/storage3/ansible.cfg
  configured module search path = ['/home/ansible/.ansible/plugins/modules', '/usr/share/ansible/plugins/modules']
  ansible python module location = /usr/lib/python3.6/site-packages/ansible
  executable location = /usr/bin/ansible-playbook
  python version = 3.6.8 (default, Apr 16 2020, 01:36:27) [GCC 8.3.1 20191121 (Red Hat 8.3.1-5)]
2020-10-20 22:26:00,996 p=7457 u=ansible n=ansible | Using /home/ansible/storage3/ansible.cfg as config file
2020-10-20 22:26:01,199 p=7457 u=ansible n=ansible | PLAYBOOK: create.yml ***************************************************************************
2020-10-20 22:26:01,199 p=7457 u=ansible n=ansible | 1 plays in create.yml
2020-10-20 22:26:01,201 p=7457 u=ansible n=ansible | PLAY [create a partition, create a vg + lv + filesystem + mount] *******************************
2020-10-20 22:26:01,210 p=7457 u=ansible n=ansible | TASK [Gathering Facts] *************************************************************************
2020-10-20 22:26:03,366 p=7457 u=ansible n=ansible | ok: [ansible-managed.local]
2020-10-20 22:26:03,367 p=7457 u=ansible n=ansible | META: ran handlers
2020-10-20 22:26:03,377 p=7457 u=ansible n=ansible | TASK [removerole : unmount /mnt/mounti] ********************************************************
2020-10-20 22:26:03,889 p=7457 u=ansible n=ansible | ok: [ansible-managed.local] => {
    "changed": false,
    "dump": "0",
    "fstab": "/etc/fstab",
    "name": "/mnt/mounti",
    "opts": "defaults",
    "passno": "0"
}
2020-10-20 22:26:03,900 p=7457 u=ansible n=ansible | TASK [removerole : remove /mnt/mounti] *********************************************************
2020-10-20 22:26:04,432 p=7457 u=ansible n=ansible | changed: [ansible-managed.local] => {
    "changed": true,
    "path": "/mnt/mounti",
    "state": "absent"
}
2020-10-20 22:26:04,443 p=7457 u=ansible n=ansible | TASK [removerole : remove logical volume /dev/mapper/test--group-logical--volume] **************
2020-10-20 22:26:05,075 p=7457 u=ansible n=ansible | fatal: [ansible-managed.local]: FAILED! => {
    "changed": false,
    "err": "  Logical volume test-group/logical-volume contains a filesystem in use.\n",
    "rc": 5
}

MSG:

Failed to remove logical volume logical-volume

2020-10-20 22:26:05,076 p=7457 u=ansible n=ansible | PLAY RECAP *************************************************************************************
2020-10-20 22:26:05,076 p=7457 u=ansible n=ansible | ansible-managed.local      : ok=3    changed=1    unreachable=0    failed=1    skipped=0    rescued=0    ignored=0   
2020-10-20 22:26:40,876 p=7504 u=ansible n=ansible | PLAY [create a partition, create a vg + lv + filesystem + mount] *******************************
2020-10-20 22:26:40,884 p=7504 u=ansible n=ansible | TASK [Gathering Facts] *************************************************************************
2020-10-20 22:26:42,029 p=7504 u=ansible n=ansible | ok: [ansible-managed.local]
2020-10-20 22:26:42,040 p=7504 u=ansible n=ansible | TASK [removerole : unmount /mnt/mounti] ********************************************************
2020-10-20 22:26:42,546 p=7504 u=ansible n=ansible | ok: [ansible-managed.local]
2020-10-20 22:26:42,556 p=7504 u=ansible n=ansible | TASK [removerole : remove /mnt/mounti] *********************************************************
2020-10-20 22:26:43,065 p=7504 u=ansible n=ansible | ok: [ansible-managed.local]
2020-10-20 22:26:43,075 p=7504 u=ansible n=ansible | TASK [removerole : remove logical volume /dev/mapper/test--group-logical--volume] **************
2020-10-20 22:26:43,679 p=7504 u=ansible n=ansible | fatal: [ansible-managed.local]: FAILED! => {
    "changed": false,
    "err": "  Logical volume test-group/logical-volume contains a filesystem in use.\n",
    "rc": 5
}

MSG:

Failed to remove logical volume logical-volume

2020-10-20 22:26:43,680 p=7504 u=ansible n=ansible | PLAY RECAP *************************************************************************************
2020-10-20 22:26:43,680 p=7504 u=ansible n=ansible | ansible-managed.local      : ok=3    changed=0    unreachable=0    failed=1    skipped=0    rescued=0    ignored=0   
2020-10-20 22:28:37,576 p=7592 u=ansible n=ansible | PLAY [create a partition, create a vg + lv + filesystem + mount] *******************************
2020-10-20 22:28:37,584 p=7592 u=ansible n=ansible | TASK [Gathering Facts] *************************************************************************
2020-10-20 22:28:38,998 p=7592 u=ansible n=ansible | ok: [ansible-managed.local]
2020-10-20 22:28:39,009 p=7592 u=ansible n=ansible | TASK [removerole : unmount /mnt/mount] *********************************************************
2020-10-20 22:28:39,530 p=7592 u=ansible n=ansible | changed: [ansible-managed.local]
2020-10-20 22:28:39,541 p=7592 u=ansible n=ansible | TASK [removerole : remove /mnt/mount] **********************************************************
2020-10-20 22:28:40,049 p=7592 u=ansible n=ansible | changed: [ansible-managed.local]
2020-10-20 22:28:40,060 p=7592 u=ansible n=ansible | TASK [removerole : remove logical volume /dev/mapper/test--group-logical--volume] **************
2020-10-20 22:28:40,700 p=7592 u=ansible n=ansible | changed: [ansible-managed.local]
2020-10-20 22:28:40,711 p=7592 u=ansible n=ansible | TASK [removerole : remove the volume group test-group] *****************************************
2020-10-20 22:28:41,305 p=7592 u=ansible n=ansible | changed: [ansible-managed.local]
2020-10-20 22:28:41,316 p=7592 u=ansible n=ansible | TASK [removerole : remove any partitions] ******************************************************
2020-10-20 22:28:41,894 p=7592 u=ansible n=ansible | changed: [ansible-managed.local]
2020-10-20 22:28:41,905 p=7592 u=ansible n=ansible | TASK [removerole : verify partitions] **********************************************************
2020-10-20 22:28:42,436 p=7592 u=ansible n=ansible | changed: [ansible-managed.local]
2020-10-20 22:28:42,447 p=7592 u=ansible n=ansible | TASK [removerole : display result] *************************************************************
2020-10-20 22:28:42,475 p=7592 u=ansible n=ansible | ok: [ansible-managed.local] => {}

MSG:

NAME        MAJ:MIN RM  SIZE RO TYPE MOUNTPOINT
sda           8:0    0   32G  0 disk 
├─sda1        8:1    0    1G  0 part /boot
└─sda2        8:2    0   31G  0 part 
  ├─cl-root 253:0    0 28.5G  0 lvm  /
  └─cl-swap 253:1    0  2.5G  0 lvm  [SWAP]
sdb           8:16   0   10G  0 disk 
sr0          11:0    1  7.7G  0 rom  
Filesystem           Size  Used Avail Use% Mounted on
devtmpfs             1.9G     0  1.9G   0% /dev
tmpfs                1.9G     0  1.9G   0% /dev/shm
tmpfs                1.9G  8.9M  1.9G   1% /run
tmpfs                1.9G     0  1.9G   0% /sys/fs/cgroup
/dev/mapper/cl-root   29G  4.6G   24G  16% /
/dev/sda1            976M  192M  717M  22% /boot
tmpfs                378M  4.0K  378M   1% /run/user/1001

2020-10-20 22:28:42,486 p=7592 u=ansible n=ansible | TASK [create partition] ************************************************************************
2020-10-20 22:28:43,964 p=7592 u=ansible n=ansible | changed: [ansible-managed.local]
2020-10-20 22:28:43,975 p=7592 u=ansible n=ansible | TASK [create volume group] *********************************************************************
2020-10-20 22:28:44,536 p=7592 u=ansible n=ansible | changed: [ansible-managed.local]
2020-10-20 22:28:44,547 p=7592 u=ansible n=ansible | TASK [create logical volume] *******************************************************************
2020-10-20 22:28:45,091 p=7592 u=ansible n=ansible | changed: [ansible-managed.local]
2020-10-20 22:28:45,103 p=7592 u=ansible n=ansible | TASK [create filesystem] ***********************************************************************
2020-10-20 22:28:45,750 p=7592 u=ansible n=ansible | changed: [ansible-managed.local]
2020-10-20 22:28:45,762 p=7592 u=ansible n=ansible | TASK [create mount point] **********************************************************************
2020-10-20 22:28:46,168 p=7592 u=ansible n=ansible | changed: [ansible-managed.local]
2020-10-20 22:28:46,179 p=7592 u=ansible n=ansible | TASK [mount volume] ****************************************************************************
2020-10-20 22:28:46,612 p=7592 u=ansible n=ansible | changed: [ansible-managed.local]
2020-10-20 22:28:46,623 p=7592 u=ansible n=ansible | TASK [update fstab] ****************************************************************************
2020-10-20 22:28:47,028 p=7592 u=ansible n=ansible | changed: [ansible-managed.local]
2020-10-20 22:28:47,039 p=7592 u=ansible n=ansible | TASK [verify] **********************************************************************************
2020-10-20 22:28:47,066 p=7592 u=ansible n=ansible | ok: [ansible-managed.local] => {}

MSG:

/dev/test-group/logical-volume /mnt/mount xfs defaults 0 0

2020-10-20 22:28:47,068 p=7592 u=ansible n=ansible | PLAY RECAP *************************************************************************************
2020-10-20 22:28:47,068 p=7592 u=ansible n=ansible | ansible-managed.local      : ok=16   changed=13   unreachable=0    failed=0    skipped=0    rescued=0    ignored=0   
